CIAO 1 - OMPParallelDirective
CIAO 1 - OMPSectionsDirective
CIAO 1 - OMPSectionDirective
CIAO 1 - OMPSectionDirective
CIAO 1 - OMPParallelDirective
CIAO 1 - OMPParallelDirective
source_exctractor/test_cases/ComputerVision/ufacedetect_thesis
source_exctractor/test_cases/ComputerVision/ufacedetect_thesis_pragmas.xml
FUNCTION INFO 
Name = main  ReturnType = int
OMPParallelDirective
Num clauses = 0
Start Line = 81   End Line = 138
Parent function line = 62

Child 
OMPSectionsDirective
Num clauses = 0
Start Line = 83   End Line = 137
Parent function line = 62

Child 
OMPSectionDirective
Num clauses = 0
Start Line = 85   End Line = 110
Parent function line = 62

Child 
OMPSectionDirective
Num clauses = 0
Start Line = 112   End Line = 136
Parent function line = 62

FUNCTION INFO 
Name = dx  ReturnType = void
OMPParallelForDirective
Num clauses = 0
Start Line = 146   End Line = 153
Parent function line = 144
for( int j = 0; j < farm_size; j ++;)

FUNCTION INFO 
Name = sx  ReturnType = void
OMPParallelForDirective
Num clauses = 0
Start Line = 158   End Line = 165
Parent function line = 156
for( int j = 0; j < farm_size; j ++;)

class cv::VideoCapture - removing class -  cv::VideoCapture
class cv::VideoCapture - removing class -  cv::VideoCapture
classname OMPParallelDirective
class cv::VideoCapture - removing class -  cv::VideoCapture
class cv::VideoCapture - removing class -  cv::VideoCapture
classname OMPSectionsDirective
class cv::VideoCapture - removing class -  cv::VideoCapture
classname OMPSectionDirective
class cv::VideoCapture - removing class -  cv::VideoCapture
classname OMPSectionDirective
class cv::UMat * - removing class -  cv::UMat *
class cv::Mat * - removing class -  cv::Mat *
class cv::CascadeClassifier * - removing class -  cv::CascadeClassifier *
double - double
int - int
classname OMPForDirective
class cv::UMat * - removing class -  cv::UMat *
class cv::Mat * - removing class -  cv::Mat *
class cv::CascadeClassifier * - removing class -  cv::CascadeClassifier *
double - double
int - int
classname OMPForDirective
